2013-10-01 21:22:48.956 chromium[76325:f07] Unknown class 'AppDelegate', using 'NSObject' instead. Encountered in Interface Builder file at path /Users/Ingwie/Work/appjs-deskshell/bin/mac/Deskshell.app/Contents/Versions/29.0.1547.76/Chromium Framework.framework/Resources/MainMenu.nib.
2013-10-01 21:24:10.562 chromium[76325:f07] -[NSObject tryToTerminateApplication:]: unrecognized selector sent to instance 0x7a6466f0
[76325:3847:1001/212410:FATAL:chrome_browser_application_mac.mm(113)] Someone is trying to raise an exception!  NSInvalidArgumentException reason -[NSObject tryToTerminateApplication:]: unrecognized selector sent to instance 0x7a6466f0
2013-10-01 21:24:23.373 chromium[76401:f07] Unknown class 'AppDelegate', using 'NSObject' instead. Encountered in Interface Builder file at path /Users/Ingwie/Work/appjs-deskshell/bin/mac/Deskshell.app/Contents/Versions/29.0.1547.76/Chromium Framework.framework/Resources/MainMenu.nib.
2013-10-01 21:24:25.915 chromium[76401:f07] -[NSObject tryToTerminateApplication:]: unrecognized selector sent to instance 0x7c67fb20
[76401:3847:1001/212425:FATAL:chrome_browser_application_mac.mm(113)] Someone is trying to raise an exception!  NSInvalidArgumentException reason -[NSObject tryToTerminateApplication:]: unrecognized selector sent to instance 0x7c67fb20
2013-10-01 21:25:36.046 chromium[76453:f07] Unknown class 'AppDelegate', using 'NSObject' instead. Encountered in Interface Builder file at path /Users/Ingwie/Work/appjs-deskshell/bin/mac/Deskshell.app/Contents/Versions/29.0.1547.76/Chromium Framework.framework/Resources/MainMenu.nib.
2013-10-01 21:26:53.188 chromium[76509:f07] Unknown class 'AppDelegate', using 'NSObject' instead. Encountered in Interface Builder file at path /Users/Ingwie/Work/appjs-deskshell/bin/mac/Deskshell.app/Contents/Versions/29.0.1547.76/Chromium Framework.framework/Resources/MainMenu.nib.
[76509:3847:1001/212653:ERROR:process_singleton_mac.cc(103)] Unable to obtain profile lock.
2013-10-01 21:27:09.611 chromium[76524:f07] Unknown class 'AppDelegate', using 'NSObject' instead. Encountered in Interface Builder file at path /Users/Ingwie/Work/appjs-deskshell/bin/mac/Deskshell.app/Contents/Versions/29.0.1547.76/Chromium Framework.framework/Resources/MainMenu.nib.
[76524:3847:1001/212709:ERROR:process_singleton_mac.cc(103)] Unable to obtain profile lock.
2013-10-01 21:27:47.304 chromium[76555:f07] Unknown class 'AppDelegate', using 'NSObject' instead. Encountered in Interface Builder file at path /Users/Ingwie/Work/appjs-deskshell/bin/mac/Deskshell.app/Contents/Versions/29.0.1547.76/Chromium Framework.framework/Resources/MainMenu.nib.
[76555:3847:1001/212747:ERROR:process_singleton_mac.cc(103)] Unable to obtain profile lock.
2013-10-01 21:28:17.369 chromium[76576:f07] Unknown class 'AppDelegate', using 'NSObject' instead. Encountered in Interface Builder file at path /Users/Ingwie/Work/appjs-deskshell/bin/mac/Deskshell.app/Contents/Versions/29.0.1547.76/Chromium Framework.framework/Resources/MainMenu.nib.
[76576:3847:1001/212817:ERROR:process_singleton_mac.cc(103)] Unable to obtain profile lock.
2013-10-01 21:28:56.669 chromium[76453:f07] -[NSObject tryToTerminateApplication:]: unrecognized selector sent to instance 0x7b28c610
[76453:3847:1001/212856:FATAL:chrome_browser_application_mac.mm(113)] Someone is trying to raise an exception!  NSInvalidArgumentException reason -[NSObject tryToTerminateApplication:]: unrecognized selector sent to instance 0x7b28c610
2013-10-01 21:29:06.325 chromium[76619:f07] Unknown class 'AppDelegate', using 'NSObject' instead. Encountered in Interface Builder file at path /Users/Ingwie/Work/appjs-deskshell/bin/mac/Deskshell.app/Contents/Versions/29.0.1547.76/Chromium Framework.framework/Resources/MainMenu.nib.
2013-10-01 21:29:19.905 chromium[76619:f07] -[NSObject tryToTerminateApplication:]: unrecognized selector sent to instance 0x7924c090
[76619:3847:1001/212919:FATAL:chrome_browser_application_mac.mm(113)] Someone is trying to raise an exception!  NSInvalidArgumentException reason -[NSObject tryToTerminateApplication:]: unrecognized selector sent to instance 0x7924c090
2013-10-01 21:30:01.661 chromium[76665:f07] Unknown class 'AppDelegate', using 'NSObject' instead. Encountered in Interface Builder file at path /Users/Ingwie/Work/appjs-deskshell/bin/mac/Deskshell.app/Contents/Versions/29.0.1547.76/Chromium Framework.framework/Resources/MainMenu.nib.
2013-10-01 21:30:12.708 chromium[76665:f07] -[NSObject tryToTerminateApplication:]: unrecognized selector sent to instance 0x796acb50
[76665:3847:1001/213012:FATAL:chrome_browser_application_mac.mm(113)] Someone is trying to raise an exception!  NSInvalidArgumentException reason -[NSObject tryToTerminateApplication:]: unrecognized selector sent to instance 0x796acb50
2013-10-01 21:40:52.047 chromium[77072:f07] Unknown class 'AppDelegate', using 'NSObject' instead. Encountered in Interface Builder file at path /Users/Ingwie/Work/appjs-deskshell/bin/mac/Deskshell.app/Contents/Versions/29.0.1547.76/Chromium Framework.framework/Resources/MainMenu.nib.
2013-10-01 21:41:01.115 chromium[77072:f07] -[NSObject tryToTerminateApplication:]: unrecognized selector sent to instance 0x78695e10
[77072:3847:1001/214101:FATAL:chrome_browser_application_mac.mm(113)] Someone is trying to raise an exception!  NSInvalidArgumentException reason -[NSObject tryToTerminateApplication:]: unrecognized selector sent to instance 0x78695e10
2013-10-01 21:42:37.332 chromium[77151:f07] Unknown class 'AppDelegate', using 'NSObject' instead. Encountered in Interface Builder file at path /Users/Ingwie/Work/appjs-deskshell/bin/mac/Deskshell.app/Contents/Versions/29.0.1547.76/Chromium Framework.framework/Resources/MainMenu.nib.
2013-10-01 21:42:41.716 chromium[77151:f07] -[NSObject tryToTerminateApplication:]: unrecognized selector sent to instance 0x7a6656c0
[77151:3847:1001/214241:FATAL:chrome_browser_application_mac.mm(113)] Someone is trying to raise an exception!  NSInvalidArgumentException reason -[NSObject tryToTerminateApplication:]: unrecognized selector sent to instance 0x7a6656c0
2013-10-01 21:43:29.742 chromium[77201:f07] Unknown class 'AppDelegate', using 'NSObject' instead. Encountered in Interface Builder file at path /Users/Ingwie/Work/appjs-deskshell/bin/mac/Deskshell.app/Contents/Versions/29.0.1547.76/Chromium Framework.framework/Resources/MainMenu.nib.
2013-10-01 21:45:56.830 chromium[77201:f07] -[NSObject tryToTerminateApplication:]: unrecognized selector sent to instance 0x7b61bff0
[77201:3847:1001/214556:FATAL:chrome_browser_application_mac.mm(113)] Someone is trying to raise an exception!  NSInvalidArgumentException reason -[NSObject tryToTerminateApplication:]: unrecognized selector sent to instance 0x7b61bff0
2013-10-01 21:46:02.758 chromium[77309:f07] Unknown class 'AppDelegate', using 'NSObject' instead. Encountered in Interface Builder file at path /Users/Ingwie/Work/appjs-deskshell/bin/mac/Deskshell.app/Contents/Versions/29.0.1547.76/Chromium Framework.framework/Resources/MainMenu.nib.
2013-10-01 21:48:37.507 chromium[77309:f07] -[NSObject tryToTerminateApplication:]: unrecognized selector sent to instance 0x79c14f30
[77309:3847:1001/214837:FATAL:chrome_browser_application_mac.mm(113)] Someone is trying to raise an exception!  NSInvalidArgumentException reason -[NSObject tryToTerminateApplication:]: unrecognized selector sent to instance 0x79c14f30
2013-10-01 21:49:06.367 chromium[77440:f07] Unknown class 'AppDelegate', using 'NSObject' instead. Encountered in Interface Builder file at path /Users/Ingwie/Work/appjs-deskshell/bin/mac/Deskshell.app/Contents/Versions/29.0.1547.76/Chromium Framework.framework/Resources/MainMenu.nib.
2013-10-01 21:51:25.839 chromium[77440:f07] -[NSObject tryToTerminateApplication:]: unrecognized selector sent to instance 0x78674890
[77440:3847:1001/215125:FATAL:chrome_browser_application_mac.mm(113)] Someone is trying to raise an exception!  NSInvalidArgumentException reason -[NSObject tryToTerminateApplication:]: unrecognized selector sent to instance 0x78674890
2013-10-01 21:54:25.369 chromium[77630:f07] Unknown class 'AppDelegate', using 'NSObject' instead. Encountered in Interface Builder file at path /Users/Ingwie/Work/appjs-deskshell/bin/mac/Deskshell.app/Contents/Versions/29.0.1547.76/Chromium Framework.framework/Resources/MainMenu.nib.
2013-10-01 21:56:41.214 chromium[77630:f07] -[NSObject tryToTerminateApplication:]: unrecognized selector sent to instance 0x7aa53920
[77630:3847:1001/215641:FATAL:chrome_browser_application_mac.mm(113)] Someone is trying to raise an exception!  NSInvalidArgumentException reason -[NSObject tryToTerminateApplication:]: unrecognized selector sent to instance 0x7aa53920
2013-10-01 21:58:13.618 chromium[77766:f07] Unknown class 'AppDelegate', using 'NSObject' instead. Encountered in Interface Builder file at path /Users/Ingwie/Work/appjs-deskshell/bin/mac/Deskshell.app/Contents/Versions/29.0.1547.76/Chromium Framework.framework/Resources/MainMenu.nib.
2013-10-01 21:58:19.400 chromium[77766:f07] -[NSObject tryToTerminateApplication:]: unrecognized selector sent to instance 0x78e58ad0
[77766:3847:1001/215819:FATAL:chrome_browser_application_mac.mm(113)] Someone is trying to raise an exception!  NSInvalidArgumentException reason -[NSObject tryToTerminateApplication:]: unrecognized selector sent to instance 0x78e58ad0
2013-10-01 21:59:17.506 chromium[77819:f07] Unknown class 'AppDelegate', using 'NSObject' instead. Encountered in Interface Builder file at path /Users/Ingwie/Work/appjs-deskshell/bin/mac/Deskshell.app/Contents/Versions/29.0.1547.76/Chromium Framework.framework/Resources/MainMenu.nib.
2013-10-01 21:59:31.481 chromium[77819:f07] -[NSObject tryToTerminateApplication:]: unrecognized selector sent to instance 0x7aa216d0
[77819:3847:1001/215931:FATAL:chrome_browser_application_mac.mm(113)] Someone is trying to raise an exception!  NSInvalidArgumentException reason -[NSObject tryToTerminateApplication:]: unrecognized selector sent to instance 0x7aa216d0
2013-10-01 22:02:12.529 chromium[77940:f07] Unknown class 'AppDelegate', using 'NSObject' instead. Encountered in Interface Builder file at path /Users/Ingwie/Work/appjs-deskshell/bin/mac/Deskshell.app/Contents/Versions/29.0.1547.76/Chromium Framework.framework/Resources/MainMenu.nib.
2013-10-01 22:02:24.880 chromium[77940:f07] -[NSObject tryToTerminateApplication:]: unrecognized selector sent to instance 0x7b626e40
[77940:3847:1001/220224:FATAL:chrome_browser_application_mac.mm(113)] Someone is trying to raise an exception!  NSInvalidArgumentException reason -[NSObject tryToTerminateApplication:]: unrecognized selector sent to instance 0x7b626e40
2013-10-01 22:02:56.467 chromium[77981:f07] Unknown class 'AppDelegate', using 'NSObject' instead. Encountered in Interface Builder file at path /Users/Ingwie/Work/appjs-deskshell/bin/mac/Deskshell.app/Contents/Versions/29.0.1547.76/Chromium Framework.framework/Resources/MainMenu.nib.
2013-10-01 22:02:59.077 chromium[77981:f07] -[NSObject tryToTerminateApplication:]: unrecognized selector sent to instance 0x7a549f10
[77981:3847:1001/220259:FATAL:chrome_browser_application_mac.mm(113)] Someone is trying to raise an exception!  NSInvalidArgumentException reason -[NSObject tryToTerminateApplication:]: unrecognized selector sent to instance 0x7a549f10
2013-10-01 22:03:24.089 chromium[78010:f07] Unknown class 'AppDelegate', using 'NSObject' instead. Encountered in Interface Builder file at path /Users/Ingwie/Work/appjs-deskshell/bin/mac/Deskshell.app/Contents/Versions/29.0.1547.76/Chromium Framework.framework/Resources/MainMenu.nib.
2013-10-01 22:03:29.974 chromium[78010:f07] -[NSObject tryToTerminateApplication:]: unrecognized selector sent to instance 0x7ae8cd10
[78010:3847:1001/220329:FATAL:chrome_browser_application_mac.mm(113)] Someone is trying to raise an exception!  NSInvalidArgumentException reason -[NSObject tryToTerminateApplication:]: unrecognized selector sent to instance 0x7ae8cd10
2013-10-01 22:04:52.627 chromium[78083:f07] Unknown class 'AppDelegate', using 'NSObject' instead. Encountered in Interface Builder file at path /Users/Ingwie/Work/appjs-deskshell/bin/mac/Deskshell.app/Contents/Versions/29.0.1547.76/Chromium Framework.framework/Resources/MainMenu.nib.
2013-10-01 22:04:56.617 chromium[78083:f07] -[NSObject tryToTerminateApplication:]: unrecognized selector sent to instance 0x7be978b0
[78083:3847:1001/220456:FATAL:chrome_browser_application_mac.mm(113)] Someone is trying to raise an exception!  NSInvalidArgumentException reason -[NSObject tryToTerminateApplication:]: unrecognized selector sent to instance 0x7be978b0
2013-10-01 22:06:50.334 chromium[78165:f07] Unknown class 'AppDelegate', using 'NSObject' instead. Encountered in Interface Builder file at path /Users/Ingwie/Work/appjs-deskshell/bin/mac/Deskshell.app/Contents/Versions/29.0.1547.76/Chromium Framework.framework/Resources/MainMenu.nib.
2013-10-01 22:07:23.348 chromium[78165:f07] -[NSObject tryToTerminateApplication:]: unrecognized selector sent to instance 0x7925c130
[78165:3847:1001/220723:FATAL:chrome_browser_application_mac.mm(113)] Someone is trying to raise an exception!  NSInvalidArgumentException reason -[NSObject tryToTerminateApplication:]: unrecognized selector sent to instance 0x7925c130
2013-10-01 22:08:30.964 chromium[78239:f07] Unknown class 'AppDelegate', using 'NSObject' instead. Encountered in Interface Builder file at path /Users/Ingwie/Work/appjs-deskshell/bin/mac/Deskshell.app/Contents/Versions/29.0.1547.76/Chromium Framework.framework/Resources/MainMenu.nib.
2013-10-01 22:08:49.179 chromium[78239:f07] -[NSObject tryToTerminateApplication:]: unrecognized selector sent to instance 0x7c210cd0
[78239:3847:1001/220849:FATAL:chrome_browser_application_mac.mm(113)] Someone is trying to raise an exception!  NSInvalidArgumentException reason -[NSObject tryToTerminateApplication:]: unrecognized selector sent to instance 0x7c210cd0
2013-10-01 22:09:03.382 chromium[78273:f07] Unknown class 'AppDelegate', using 'NSObject' instead. Encountered in Interface Builder file at path /Users/Ingwie/Work/appjs-deskshell/bin/mac/Deskshell.app/Contents/Versions/29.0.1547.76/Chromium Framework.framework/Resources/MainMenu.nib.
2013-10-01 22:09:55.839 chromium[78273:f07] -[NSObject tryToTerminateApplication:]: unrecognized selector sent to instance 0x7a21f360
[78273:3847:1001/220955:FATAL:chrome_browser_application_mac.mm(113)] Someone is trying to raise an exception!  NSInvalidArgumentException reason -[NSObject tryToTerminateApplication:]: unrecognized selector sent to instance 0x7a21f360
2013-10-01 22:09:59.856 chromium[78326:f07] Unknown class 'AppDelegate', using 'NSObject' instead. Encountered in Interface Builder file at path /Users/Ingwie/Work/appjs-deskshell/bin/mac/Deskshell.app/Contents/Versions/29.0.1547.76/Chromium Framework.framework/Resources/MainMenu.nib.
2013-10-01 22:12:01.729 chromium[78411:f07] Unknown class 'AppDelegate', using 'NSObject' instead. Encountered in Interface Builder file at path /Users/Ingwie/Work/appjs-deskshell/bin/mac/Deskshell.app/Contents/Versions/29.0.1547.76/Chromium Framework.framework/Resources/MainMenu.nib.
[78411:3847:1001/221201:ERROR:process_singleton_mac.cc(103)] Unable to obtain profile lock.
2013-10-01 22:12:10.112 chromium[78326:f07] -[NSObject tryToTerminateApplication:]: unrecognized selector sent to instance 0x7aa34900
[78326:3847:1001/221210:FATAL:chrome_browser_application_mac.mm(113)] Someone is trying to raise an exception!  NSInvalidArgumentException reason -[NSObject tryToTerminateApplication:]: unrecognized selector sent to instance 0x7aa34900
2013-10-01 22:12:13.991 chromium[78430:f07] Unknown class 'AppDelegate', using 'NSObject' instead. Encountered in Interface Builder file at path /Users/Ingwie/Work/appjs-deskshell/bin/mac/Deskshell.app/Contents/Versions/29.0.1547.76/Chromium Framework.framework/Resources/MainMenu.nib.
2013-10-01 22:12:20.561 chromium[78430:f07] -[NSObject tryToTerminateApplication:]: unrecognized selector sent to instance 0x7963b8d0
[78430:3847:1001/221220:FATAL:chrome_browser_application_mac.mm(113)] Someone is trying to raise an exception!  NSInvalidArgumentException reason -[NSObject tryToTerminateApplication:]: unrecognized selector sent to instance 0x7963b8d0
2013-10-01 22:14:06.694 chromium[78515:f07] Unknown class 'AppDelegate', using 'NSObject' instead. Encountered in Interface Builder file at path /Users/Ingwie/Work/appjs-deskshell/bin/mac/Deskshell.app/Contents/Versions/29.0.1547.76/Chromium Framework.framework/Resources/MainMenu.nib.
2013-10-01 22:14:26.738 chromium[78515:f07] -[NSObject tryToTerminateApplication:]: unrecognized selector sent to instance 0x7cc92bd0
[78515:3847:1001/221426:FATAL:chrome_browser_application_mac.mm(113)] Someone is trying to raise an exception!  NSInvalidArgumentException reason -[NSObject tryToTerminateApplication:]: unrecognized selector sent to instance 0x7cc92bd0
2013-10-01 22:15:32.089 chromium[78578:f07] Unknown class 'AppDelegate', using 'NSObject' instead. Encountered in Interface Builder file at path /Users/Ingwie/Work/appjs-deskshell/bin/mac/Deskshell.app/Contents/Versions/29.0.1547.76/Chromium Framework.framework/Resources/MainMenu.nib.
2013-10-01 22:15:58.918 chromium[78578:f07] -[NSObject tryToTerminateApplication:]: unrecognized selector sent to instance 0x7cc8cc60
[78578:3847:1001/221558:FATAL:chrome_browser_application_mac.mm(113)] Someone is trying to raise an exception!  NSInvalidArgumentException reason -[NSObject tryToTerminateApplication:]: unrecognized selector sent to instance 0x7cc8cc60
2013-10-01 22:16:34.959 chromium[78663:f07] Unknown class 'AppDelegate', using 'NSObject' instead. Encountered in Interface Builder file at path /Users/Ingwie/Work/appjs-deskshell/bin/mac/Deskshell.app/Contents/Versions/29.0.1547.76/Chromium Framework.framework/Resources/MainMenu.nib.
2013-10-01 22:16:43.823 chromium[78663:f07] -[NSObject tryToTerminateApplication:]: unrecognized selector sent to instance 0x78638f00
[78663:3847:1001/221643:FATAL:chrome_browser_application_mac.mm(113)] Someone is trying to raise an exception!  NSInvalidArgumentException reason -[NSObject tryToTerminateApplication:]: unrecognized selector sent to instance 0x78638f00
2013-10-01 22:19:33.337 chromium[78774:f07] Unknown class 'AppDelegate', using 'NSObject' instead. Encountered in Interface Builder file at path /Users/Ingwie/Work/appjs-deskshell/bin/mac/Deskshell.app/Contents/Versions/29.0.1547.76/Chromium Framework.framework/Resources/MainMenu.nib.
2013-10-01 22:20:26.649 chromium[78774:f07] -[NSObject tryToTerminateApplication:]: unrecognized selector sent to instance 0x7bd7cad0
[78774:3847:1001/222026:FATAL:chrome_browser_application_mac.mm(113)] Someone is trying to raise an exception!  NSInvalidArgumentException reason -[NSObject tryToTerminateApplication:]: unrecognized selector sent to instance 0x7bd7cad0
2013-10-01 22:20:31.181 chromium[78825:f07] Unknown class 'AppDelegate', using 'NSObject' instead. Encountered in Interface Builder file at path /Users/Ingwie/Work/appjs-deskshell/bin/mac/Deskshell.app/Contents/Versions/29.0.1547.76/Chromium Framework.framework/Resources/MainMenu.nib.
2013-10-01 22:20:44.248 chromium[78825:f07] -[NSObject tryToTerminateApplication:]: unrecognized selector sent to instance 0x7926a2e0
[78825:3847:1001/222044:FATAL:chrome_browser_application_mac.mm(113)] Someone is trying to raise an exception!  NSInvalidArgumentException reason -[NSObject tryToTerminateApplication:]: unrecognized selector sent to instance 0x7926a2e0
2013-10-01 22:21:37.097 chromium[78878:f07] Unknown class 'AppDelegate', using 'NSObject' instead. Encountered in Interface Builder file at path /Users/Ingwie/Work/appjs-deskshell/bin/mac/Deskshell.app/Contents/Versions/29.0.1547.76/Chromium Framework.framework/Resources/MainMenu.nib.
2013-10-01 22:22:06.102 chromium[78878:f07] -[NSObject tryToTerminateApplication:]: unrecognized selector sent to instance 0x78686550
[78878:3847:1001/222206:FATAL:chrome_browser_application_mac.mm(113)] Someone is trying to raise an exception!  NSInvalidArgumentException reason -[NSObject tryToTerminateApplication:]: unrecognized selector sent to instance 0x78686550
2013-10-01 22:22:09.967 chromium[78913:f07] Unknown class 'AppDelegate', using 'NSObject' instead. Encountered in Interface Builder file at path /Users/Ingwie/Work/appjs-deskshell/bin/mac/Deskshell.app/Contents/Versions/29.0.1547.76/Chromium Framework.framework/Resources/MainMenu.nib.
2013-10-01 22:23:06.613 chromium[78913:f07] -[NSObject tryToTerminateApplication:]: unrecognized selector sent to instance 0x7b26c8f0
[78913:3847:1001/222306:FATAL:chrome_browser_application_mac.mm(113)] Someone is trying to raise an exception!  NSInvalidArgumentException reason -[NSObject tryToTerminateApplication:]: unrecognized selector sent to instance 0x7b26c8f0
2013-10-01 22:23:11.996 chromium[78963:f07] Unknown class 'AppDelegate', using 'NSObject' instead. Encountered in Interface Builder file at path /Users/Ingwie/Work/appjs-deskshell/bin/mac/Deskshell.app/Contents/Versions/29.0.1547.76/Chromium Framework.framework/Resources/MainMenu.nib.
2013-10-01 22:24:11.577 chromium[78963:f07] -[NSObject tryToTerminateApplication:]: unrecognized selector sent to instance 0x7ba20f40
[78963:3847:1001/222411:FATAL:chrome_browser_application_mac.mm(113)] Someone is trying to raise an exception!  NSInvalidArgumentException reason -[NSObject tryToTerminateApplication:]: unrecognized selector sent to instance 0x7ba20f40
2013-10-01 22:24:15.180 chromium[79013:f07] Unknown class 'AppDelegate', using 'NSObject' instead. Encountered in Interface Builder file at path /Users/Ingwie/Work/appjs-deskshell/bin/mac/Deskshell.app/Contents/Versions/29.0.1547.76/Chromium Framework.framework/Resources/MainMenu.nib.
2013-10-01 22:24:23.784 chromium[79013:f07] -[NSObject tryToTerminateApplication:]: unrecognized selector sent to instance 0x79e382f0
[79013:3847:1001/222423:FATAL:chrome_browser_application_mac.mm(113)] Someone is trying to raise an exception!  NSInvalidArgumentException reason -[NSObject tryToTerminateApplication:]: unrecognized selector sent to instance 0x79e382f0
2013-10-01 22:24:54.495 chromium[79047:f07] Unknown class 'AppDelegate', using 'NSObject' instead. Encountered in Interface Builder file at path /Users/Ingwie/Work/appjs-deskshell/bin/mac/Deskshell.app/Contents/Versions/29.0.1547.76/Chromium Framework.framework/Resources/MainMenu.nib.
2013-10-01 22:26:05.689 chromium[79047:f07] -[NSObject tryToTerminateApplication:]: unrecognized selector sent to instance 0x7aa5be00
[79047:3847:1001/222605:FATAL:chrome_browser_application_mac.mm(113)] Someone is trying to raise an exception!  NSInvalidArgumentException reason -[NSObject tryToTerminateApplication:]: unrecognized selector sent to instance 0x7aa5be00
2013-10-01 22:26:12.086 chromium[79109:f07] Unknown class 'AppDelegate', using 'NSObject' instead. Encountered in Interface Builder file at path /Users/Ingwie/Work/appjs-deskshell/bin/mac/Deskshell.app/Contents/Versions/29.0.1547.76/Chromium Framework.framework/Resources/MainMenu.nib.
2013-10-01 22:27:12.852 chromium[79109:f07] -[NSObject tryToTerminateApplication:]: unrecognized selector sent to instance 0x792aed00
[79109:3847:1001/222712:FATAL:chrome_browser_application_mac.mm(113)] Someone is trying to raise an exception!  NSInvalidArgumentException reason -[NSObject tryToTerminateApplication:]: unrecognized selector sent to instance 0x792aed00
2013-10-01 22:27:16.593 chromium[79159:f07] Unknown class 'AppDelegate', using 'NSObject' instead. Encountered in Interface Builder file at path /Users/Ingwie/Work/appjs-deskshell/bin/mac/Deskshell.app/Contents/Versions/29.0.1547.76/Chromium Framework.framework/Resources/MainMenu.nib.
2013-10-01 22:27:27.548 chromium[79159:f07] -[NSObject tryToTerminateApplication:]: unrecognized selector sent to instance 0x78e75940
[79159:3847:1001/222727:FATAL:chrome_browser_application_mac.mm(113)] Someone is trying to raise an exception!  NSInvalidArgumentException reason -[NSObject tryToTerminateApplication:]: unrecognized selector sent to instance 0x78e75940
2013-10-01 22:27:42.065 chromium[79183:f07] Unknown class 'AppDelegate', using 'NSObject' instead. Encountered in Interface Builder file at path /Users/Ingwie/Work/appjs-deskshell/bin/mac/Deskshell.app/Contents/Versions/29.0.1547.76/Chromium Framework.framework/Resources/MainMenu.nib.
2013-10-01 22:28:13.869 chromium[79183:f07] -[NSObject tryToTerminateApplication:]: unrecognized selector sent to instance 0x7b64d870
[79183:3847:1001/222813:FATAL:chrome_browser_application_mac.mm(113)] Someone is trying to raise an exception!  NSInvalidArgumentException reason -[NSObject tryToTerminateApplication:]: unrecognized selector sent to instance 0x7b64d870
2013-10-01 22:28:55.650 chromium[79238:f07] Unknown class 'AppDelegate', using 'NSObject' instead. Encountered in Interface Builder file at path /Users/Ingwie/Work/appjs-deskshell/bin/mac/Deskshell.app/Contents/Versions/29.0.1547.76/Chromium Framework.framework/Resources/MainMenu.nib.
2013-10-01 22:29:07.246 chromium[79238:f07] -[NSObject tryToTerminateApplication:]: unrecognized selector sent to instance 0x7944fe90
[79238:3847:1001/222907:FATAL:chrome_browser_application_mac.mm(113)] Someone is trying to raise an exception!  NSInvalidArgumentException reason -[NSObject tryToTerminateApplication:]: unrecognized selector sent to instance 0x7944fe90
2013-10-01 22:30:07.345 chromium[79296:f07] Unknown class 'AppDelegate', using 'NSObject' instead. Encountered in Interface Builder file at path /Users/Ingwie/Work/appjs-deskshell/bin/mac/Deskshell.app/Contents/Versions/29.0.1547.76/Chromium Framework.framework/Resources/MainMenu.nib.
2013-10-01 22:48:31.048 chromium[79296:f07] -[NSObject tryToTerminateApplication:]: unrecognized selector sent to instance 0x7be35070
[79296:3847:1001/224831:FATAL:chrome_browser_application_mac.mm(113)] Someone is trying to raise an exception!  NSInvalidArgumentException reason -[NSObject tryToTerminateApplication:]: unrecognized selector sent to instance 0x7be35070
2013-10-01 22:50:02.195 chromium[79994:f07] Unknown class 'AppDelegate', using 'NSObject' instead. Encountered in Interface Builder file at path /Users/Ingwie/Work/appjs-deskshell/bin/mac/Deskshell.app/Contents/Versions/29.0.1547.76/Chromium Framework.framework/Resources/MainMenu.nib.
2013-10-01 22:50:07.191 chromium[79994:f07] -[NSObject tryToTerminateApplication:]: unrecognized selector sent to instance 0x7b2a44a0
[79994:3847:1001/225007:FATAL:chrome_browser_application_mac.mm(113)] Someone is trying to raise an exception!  NSInvalidArgumentException reason -[NSObject tryToTerminateApplication:]: unrecognized selector sent to instance 0x7b2a44a0
2013-10-01 23:17:01.064 chromium[80953:f07] Unknown class 'AppDelegate', using 'NSObject' instead. Encountered in Interface Builder file at path /Users/Ingwie/Work/appjs-deskshell/bin/mac/Deskshell.app/Contents/Versions/29.0.1547.76/Chromium Framework.framework/Resources/MainMenu.nib.
2013-10-01 23:17:20.429 chromium[80953:f07] -[NSObject tryToTerminateApplication:]: unrecognized selector sent to instance 0x7a416660
[80953:3847:1001/231720:FATAL:chrome_browser_application_mac.mm(113)] Someone is trying to raise an exception!  NSInvalidArgumentException reason -[NSObject tryToTerminateApplication:]: unrecognized selector sent to instance 0x7a416660
2013-10-01 23:17:39.959 chromium[80989:f07] Unknown class 'AppDelegate', using 'NSObject' instead. Encountered in Interface Builder file at path /Users/Ingwie/Work/appjs-deskshell/bin/mac/Deskshell.app/Contents/Versions/29.0.1547.76/Chromium Framework.framework/Resources/MainMenu.nib.
2013-10-01 23:18:02.133 chromium[80989:f07] -[NSObject tryToTerminateApplication:]: unrecognized selector sent to instance 0x7c437060
[80989:3847:1001/231802:FATAL:chrome_browser_application_mac.mm(113)] Someone is trying to raise an exception!  NSInvalidArgumentException reason -[NSObject tryToTerminateApplication:]: unrecognized selector sent to instance 0x7c437060
2013-10-01 23:21:00.631 chromium[81117:f07] Unknown class 'AppDelegate', using 'NSObject' instead. Encountered in Interface Builder file at path /Users/Ingwie/Work/appjs-deskshell/bin/mac/Deskshell.app/Contents/Versions/29.0.1547.76/Chromium Framework.framework/Resources/MainMenu.nib.
2013-10-01 23:21:19.409 chromium[81117:f07] -[NSObject tryToTerminateApplication:]: unrecognized selector sent to instance 0x7bea7050
[81117:3847:1001/232119:FATAL:chrome_browser_application_mac.mm(113)] Someone is trying to raise an exception!  NSInvalidArgumentException reason -[NSObject tryToTerminateApplication:]: unrecognized selector sent to instance 0x7bea7050
2013-10-01 23:45:45.562 chromium[82002:f07] Unknown class 'AppDelegate', using 'NSObject' instead. Encountered in Interface Builder file at path /Users/Ingwie/Work/appjs-deskshell/bin/mac/Deskshell.app/Contents/Versions/29.0.1547.76/Chromium Framework.framework/Resources/MainMenu.nib.
2013-10-01 23:55:53.057 chromium[82002:f07] -[NSObject tryToTerminateApplication:]: unrecognized selector sent to instance 0x78e684c0
[82002:3847:1001/235553:FATAL:chrome_browser_application_mac.mm(113)] Someone is trying to raise an exception!  NSInvalidArgumentException reason -[NSObject tryToTerminateApplication:]: unrecognized selector sent to instance 0x78e684c0
2013-10-02 00:12:43.222 chromium[82881:f07] Unknown class 'AppDelegate', using 'NSObject' instead. Encountered in Interface Builder file at path /Users/Ingwie/Work/appjs-deskshell/bin/mac/Deskshell.app/Contents/Versions/29.0.1547.76/Chromium Framework.framework/Resources/MainMenu.nib.
2013-10-02 00:13:55.376 chromium[82881:f07] -[NSObject tryToTerminateApplication:]: unrecognized selector sent to instance 0x79c59560
[82881:3847:1002/001355:FATAL:chrome_browser_application_mac.mm(113)] Someone is trying to raise an exception!  NSInvalidArgumentException reason -[NSObject tryToTerminateApplication:]: unrecognized selector sent to instance 0x79c59560
2013-10-02 00:14:00.305 chromium[82937:f07] Unknown class 'AppDelegate', using 'NSObject' instead. Encountered in Interface Builder file at path /Users/Ingwie/Work/appjs-deskshell/bin/mac/Deskshell.app/Contents/Versions/29.0.1547.76/Chromium Framework.framework/Resources/MainMenu.nib.
2013-10-02 00:14:18.313 chromium[82937:f07] -[NSObject tryToTerminateApplication:]: unrecognized selector sent to instance 0x7ba590f0
[82937:3847:1002/001418:FATAL:chrome_browser_application_mac.mm(113)] Someone is trying to raise an exception!  NSInvalidArgumentException reason -[NSObject tryToTerminateApplication:]: unrecognized selector sent to instance 0x7ba590f0
2013-10-02 00:14:50.954 chromium[82979:f07] Unknown class 'AppDelegate', using 'NSObject' instead. Encountered in Interface Builder file at path /Users/Ingwie/Work/appjs-deskshell/bin/mac/Deskshell.app/Contents/Versions/29.0.1547.76/Chromium Framework.framework/Resources/MainMenu.nib.
2013-10-02 00:15:11.976 chromium[82979:f07] -[NSObject tryToTerminateApplication:]: unrecognized selector sent to instance 0x7b22d830
[82979:3847:1002/001511:FATAL:chrome_browser_application_mac.mm(113)] Someone is trying to raise an exception!  NSInvalidArgumentException reason -[NSObject tryToTerminateApplication:]: unrecognized selector sent to instance 0x7b22d830
2013-10-02 00:30:57.709 chromium[83520:f07] Unknown class 'AppDelegate', using 'NSObject' instead. Encountered in Interface Builder file at path /Users/Ingwie/Work/appjs-deskshell/bin/mac/Deskshell.app/Contents/Versions/29.0.1547.76/Chromium Framework.framework/Resources/MainMenu.nib.
2013-10-02 00:31:09.475 chromium[83520:f07] -[NSObject tryToTerminateApplication:]: unrecognized selector sent to instance 0x7c4491a0
[83520:3847:1002/003109:FATAL:chrome_browser_application_mac.mm(113)] Someone is trying to raise an exception!  NSInvalidArgumentException reason -[NSObject tryToTerminateApplication:]: unrecognized selector sent to instance 0x7c4491a0
2013-10-02 00:37:20.819 chromium[83848:f07] Unknown class 'AppDelegate', using 'NSObject' instead. Encountered in Interface Builder file at path /Users/Ingwie/Work/appjs-deskshell/bin/mac/Deskshell.app/Contents/Versions/29.0.1547.76/Chromium Framework.framework/Resources/MainMenu.nib.
2013-10-02 00:45:15.284 chromium[83848:f07] -[NSObject tryToTerminateApplication:]: unrecognized selector sent to instance 0x79e6e030
[83848:3847:1002/004515:FATAL:chrome_browser_application_mac.mm(113)] Someone is trying to raise an exception!  NSInvalidArgumentException reason -[NSObject tryToTerminateApplication:]: unrecognized selector sent to instance 0x79e6e030
2013-10-02 00:45:26.390 chromium[84140:f07] Unknown class 'AppDelegate', using 'NSObject' instead. Encountered in Interface Builder file at path /Users/Ingwie/Work/appjs-deskshell/bin/mac/Deskshell.app/Contents/Versions/29.0.1547.76/Chromium Framework.framework/Resources/MainMenu.nib.
2013-10-02 01:04:05.231 chromium[84140:f07] -[NSObject tryToTerminateApplication:]: unrecognized selector sent to instance 0x7ac65080
[84140:3847:1002/010405:FATAL:chrome_browser_application_mac.mm(113)] Someone is trying to raise an exception!  NSInvalidArgumentException reason -[NSObject tryToTerminateApplication:]: unrecognized selector sent to instance 0x7ac65080
2013-10-02 16:04:09.496 chromium[9672:f07] Unknown class 'AppDelegate', using 'NSObject' instead. Encountered in Interface Builder file at path /Users/Ingwie/Work/appjs-deskshell/bin/mac/Deskshell.app/Contents/Versions/29.0.1547.76/Chromium Framework.framework/Resources/MainMenu.nib.
2013-10-02 16:04:19.585 chromium[9672:f07] -[NSObject tryToTerminateApplication:]: unrecognized selector sent to instance 0x7b64ac30
[9672:3847:1002/160419:FATAL:chrome_browser_application_mac.mm(113)] Someone is trying to raise an exception!  NSInvalidArgumentException reason -[NSObject tryToTerminateApplication:]: unrecognized selector sent to instance 0x7b64ac30
2013-10-02 16:04:41.909 chromium[9709:f07] Unknown class 'AppDelegate', using 'NSObject' instead. Encountered in Interface Builder file at path /Users/Ingwie/Work/appjs-deskshell/bin/mac/Deskshell.app/Contents/Versions/29.0.1547.76/Chromium Framework.framework/Resources/MainMenu.nib.
2013-10-02 16:05:06.799 chromium[9709:f07] -[NSObject tryToTerminateApplication:]: unrecognized selector sent to instance 0x79e81ec0
[9709:3847:1002/160506:FATAL:chrome_browser_application_mac.mm(113)] Someone is trying to raise an exception!  NSInvalidArgumentException reason -[NSObject tryToTerminateApplication:]: unrecognized selector sent to instance 0x79e81ec0
2013-10-02 16:07:38.055 chromium[9837:f07] Unknown class 'AppDelegate', using 'NSObject' instead. Encountered in Interface Builder file at path /Users/Ingwie/Work/appjs-deskshell/bin/mac/Deskshell.app/Contents/Versions/29.0.1547.76/Chromium Framework.framework/Resources/MainMenu.nib.
2013-10-02 16:07:52.874 chromium[9837:f07] -[NSObject tryToTerminateApplication:]: unrecognized selector sent to instance 0x792966c0
[9837:3847:1002/160752:FATAL:chrome_browser_application_mac.mm(113)] Someone is trying to raise an exception!  NSInvalidArgumentException reason -[NSObject tryToTerminateApplication:]: unrecognized selector sent to instance 0x792966c0
2013-10-02 16:09:46.459 chromium[9927:f07] Unknown class 'AppDelegate', using 'NSObject' instead. Encountered in Interface Builder file at path /Users/Ingwie/Work/appjs-deskshell/bin/mac/Deskshell.app/Contents/Versions/29.0.1547.76/Chromium Framework.framework/Resources/MainMenu.nib.
2013-10-02 16:10:09.967 chromium[9927:f07] -[NSObject tryToTerminateApplication:]: unrecognized selector sent to instance 0x7b4185c0
[9927:3847:1002/161009:FATAL:chrome_browser_application_mac.mm(113)] Someone is trying to raise an exception!  NSInvalidArgumentException reason -[NSObject tryToTerminateApplication:]: unrecognized selector sent to instance 0x7b4185c0
2013-10-02 16:12:17.233 chromium[10046:f07] Unknown class 'AppDelegate', using 'NSObject' instead. Encountered in Interface Builder file at path /Users/Ingwie/Work/appjs-deskshell/bin/mac/Deskshell.app/Contents/Versions/29.0.1547.76/Chromium Framework.framework/Resources/MainMenu.nib.
2013-10-02 16:12:32.315 chromium[10046:f07] -[NSObject tryToTerminateApplication:]: unrecognized selector sent to instance 0x79677c10
[10046:3847:1002/161232:FATAL:chrome_browser_application_mac.mm(113)] Someone is trying to raise an exception!  NSInvalidArgumentException reason -[NSObject tryToTerminateApplication:]: unrecognized selector sent to instance 0x79677c10
2013-10-02 16:14:01.071 chromium[10124:f07] Unknown class 'AppDelegate', using 'NSObject' instead. Encountered in Interface Builder file at path /Users/Ingwie/Work/appjs-deskshell/bin/mac/Deskshell.app/Contents/Versions/29.0.1547.76/Chromium Framework.framework/Resources/MainMenu.nib.
2013-10-02 16:14:05.977 chromium[10124:f07] -[NSObject tryToTerminateApplication:]: unrecognized selector sent to instance 0x7cc50270
[10124:3847:1002/161405:FATAL:chrome_browser_application_mac.mm(113)] Someone is trying to raise an exception!  NSInvalidArgumentException reason -[NSObject tryToTerminateApplication:]: unrecognized selector sent to instance 0x7cc50270
2013-10-02 16:14:38.273 chromium[10159:f07] Unknown class 'AppDelegate', using 'NSObject' instead. Encountered in Interface Builder file at path /Users/Ingwie/Work/appjs-deskshell/bin/mac/Deskshell.app/Contents/Versions/29.0.1547.76/Chromium Framework.framework/Resources/MainMenu.nib.
2013-10-02 16:14:48.426 chromium[10159:f07] -[NSObject tryToTerminateApplication:]: unrecognized selector sent to instance 0x7c482fb0
[10159:3847:1002/161448:FATAL:chrome_browser_application_mac.mm(113)] Someone is trying to raise an exception!  NSInvalidArgumentException reason -[NSObject tryToTerminateApplication:]: unrecognized selector sent to instance 0x7c482fb0
2013-10-02 16:15:09.271 chromium[10192:f07] Unknown class 'AppDelegate', using 'NSObject' instead. Encountered in Interface Builder file at path /Users/Ingwie/Work/appjs-deskshell/bin/mac/Deskshell.app/Contents/Versions/29.0.1547.76/Chromium Framework.framework/Resources/MainMenu.nib.
2013-10-02 16:15:20.025 chromium[10192:f07] -[NSObject tryToTerminateApplication:]: unrecognized selector sent to instance 0x7ae65e70
[10192:3847:1002/161520:FATAL:chrome_browser_application_mac.mm(113)] Someone is trying to raise an exception!  NSInvalidArgumentException reason -[NSObject tryToTerminateApplication:]: unrecognized selector sent to instance 0x7ae65e70
2013-10-02 16:17:09.020 chromium[10287:f07] Unknown class 'AppDelegate', using 'NSObject' instead. Encountered in Interface Builder file at path /Users/Ingwie/Work/appjs-deskshell/bin/mac/Deskshell.app/Contents/Versions/29.0.1547.76/Chromium Framework.framework/Resources/MainMenu.nib.
2013-10-02 16:20:01.293 chromium[10287:f07] -[NSObject tryToTerminateApplication:]: unrecognized selector sent to instance 0x7a661730
[10287:3847:1002/162001:FATAL:chrome_browser_application_mac.mm(113)] Someone is trying to raise an exception!  NSInvalidArgumentException reason -[NSObject tryToTerminateApplication:]: unrecognized selector sent to instance 0x7a661730
2013-10-02 16:20:05.507 chromium[10404:f07] Unknown class 'AppDelegate', using 'NSObject' instead. Encountered in Interface Builder file at path /Users/Ingwie/Work/appjs-deskshell/bin/mac/Deskshell.app/Contents/Versions/29.0.1547.76/Chromium Framework.framework/Resources/MainMenu.nib.
2013-10-02 16:20:31.333 chromium[10404:f07] -[NSObject tryToTerminateApplication:]: unrecognized selector sent to instance 0x7ac7e990
[10404:3847:1002/162031:FATAL:chrome_browser_application_mac.mm(113)] Someone is trying to raise an exception!  NSInvalidArgumentException reason -[NSObject tryToTerminateApplication:]: unrecognized selector sent to instance 0x7ac7e990
2013-10-02 16:22:57.735 chromium[10526:f07] Unknown class 'AppDelegate', using 'NSObject' instead. Encountered in Interface Builder file at path /Users/Ingwie/Work/appjs-deskshell/bin/mac/Deskshell.app/Contents/Versions/29.0.1547.76/Chromium Framework.framework/Resources/MainMenu.nib.
2013-10-02 16:23:24.417 chromium[10526:f07] -[NSObject tryToTerminateApplication:]: unrecognized selector sent to instance 0x796a1840
[10526:3847:1002/162324:FATAL:chrome_browser_application_mac.mm(113)] Someone is trying to raise an exception!  NSInvalidArgumentException reason -[NSObject tryToTerminateApplication:]: unrecognized selector sent to instance 0x796a1840
2013-10-02 16:32:45.257 chromium[10869:f07] Unknown class 'AppDelegate', using 'NSObject' instead. Encountered in Interface Builder file at path /Users/Ingwie/Work/appjs-deskshell/bin/mac/Deskshell.app/Contents/Versions/29.0.1547.76/Chromium Framework.framework/Resources/MainMenu.nib.
2013-10-02 16:38:20.173 chromium[10869:f07] -[NSObject tryToTerminateApplication:]: unrecognized selector sent to instance 0x7a261f70
[10869:3847:1002/163820:FATAL:chrome_browser_application_mac.mm(113)] Someone is trying to raise an exception!  NSInvalidArgumentException reason -[NSObject tryToTerminateApplication:]: unrecognized selector sent to instance 0x7a261f70
2013-10-02 16:47:33.535 chromium[11393:f07] Unknown class 'AppDelegate', using 'NSObject' instead. Encountered in Interface Builder file at path /Users/Ingwie/Work/appjs-deskshell/bin/mac/Deskshell.app/Contents/Versions/29.0.1547.76/Chromium Framework.framework/Resources/MainMenu.nib.
2013-10-02 16:47:55.485 chromium[11393:f07] -[NSObject tryToTerminateApplication:]: unrecognized selector sent to instance 0x7ae708f0
[11393:3847:1002/164755:FATAL:chrome_browser_application_mac.mm(113)] Someone is trying to raise an exception!  NSInvalidArgumentException reason -[NSObject tryToTerminateApplication:]: unrecognized selector sent to instance 0x7ae708f0
2013-10-02 16:49:47.672 chromium[11480:f07] Unknown class 'AppDelegate', using 'NSObject' instead. Encountered in Interface Builder file at path /Users/Ingwie/Work/appjs-deskshell/bin/mac/Deskshell.app/Contents/Versions/29.0.1547.76/Chromium Framework.framework/Resources/MainMenu.nib.
2013-10-02 16:58:25.752 chromium[11480:f07] -[NSObject tryToTerminateApplication:]: unrecognized selector sent to instance 0x7acab060
[11480:3847:1002/165825:FATAL:chrome_browser_application_mac.mm(113)] Someone is trying to raise an exception!  NSInvalidArgumentException reason -[NSObject tryToTerminateApplication:]: unrecognized selector sent to instance 0x7acab060
2013-10-02 16:58:29.597 chromium[11792:f07] Unknown class 'AppDelegate', using 'NSObject' instead. Encountered in Interface Builder file at path /Users/Ingwie/Work/appjs-deskshell/bin/mac/Deskshell.app/Contents/Versions/29.0.1547.76/Chromium Framework.framework/Resources/MainMenu.nib.
2013-10-02 16:58:43.183 chromium[11792:f07] -[NSObject tryToTerminateApplication:]: unrecognized selector sent to instance 0x7a47ee10
[11792:3847:1002/165843:FATAL:chrome_browser_application_mac.mm(113)] Someone is trying to raise an exception!  NSInvalidArgumentException reason -[NSObject tryToTerminateApplication:]: unrecognized selector sent to instance 0x7a47ee10
2013-10-02 17:00:51.920 chromium[11885:f07] Unknown class 'AppDelegate', using 'NSObject' instead. Encountered in Interface Builder file at path /Users/Ingwie/Work/appjs-deskshell/bin/mac/Deskshell.app/Contents/Versions/29.0.1547.76/Chromium Framework.framework/Resources/MainMenu.nib.
2013-10-02 17:01:27.972 chromium[11885:f07] -[NSObject tryToTerminateApplication:]: unrecognized selector sent to instance 0x78688310
[11885:3847:1002/170127:FATAL:chrome_browser_application_mac.mm(113)] Someone is trying to raise an exception!  NSInvalidArgumentException reason -[NSObject tryToTerminateApplication:]: unrecognized selector sent to instance 0x78688310
2013-10-02 17:01:31.762 chromium[11924:f07] Unknown class 'AppDelegate', using 'NSObject' instead. Encountered in Interface Builder file at path /Users/Ingwie/Work/appjs-deskshell/bin/mac/Deskshell.app/Contents/Versions/29.0.1547.76/Chromium Framework.framework/Resources/MainMenu.nib.
2013-10-02 17:03:50.568 chromium[11924:f07] -[NSObject tryToTerminateApplication:]: unrecognized selector sent to instance 0x7b28bb40
[11924:3847:1002/170350:FATAL:chrome_browser_application_mac.mm(113)] Someone is trying to raise an exception!  NSInvalidArgumentException reason -[NSObject tryToTerminateApplication:]: unrecognized selector sent to instance 0x7b28bb40
2013-10-02 17:03:55.859 chromium[12014:f07] Unknown class 'AppDelegate', using 'NSObject' instead. Encountered in Interface Builder file at path /Users/Ingwie/Work/appjs-deskshell/bin/mac/Deskshell.app/Contents/Versions/29.0.1547.76/Chromium Framework.framework/Resources/MainMenu.nib.
2013-10-02 17:08:08.288 chromium[12014:f07] -[NSObject tryToTerminateApplication:]: unrecognized selector sent to instance 0x7c441450
[12014:3847:1002/170808:FATAL:chrome_browser_application_mac.mm(113)] Someone is trying to raise an exception!  NSInvalidArgumentException reason -[NSObject tryToTerminateApplication:]: unrecognized selector sent to instance 0x7c441450
2013-10-02 17:08:29.005 chromium[12197:f07] Unknown class 'AppDelegate', using 'NSObject' instead. Encountered in Interface Builder file at path /Users/Ingwie/Work/appjs-deskshell/bin/mac/Deskshell.app/Contents/Versions/29.0.1547.76/Chromium Framework.framework/Resources/MainMenu.nib.
2013-10-02 17:15:00.839 chromium[12197:f07] -[NSObject tryToTerminateApplication:]: unrecognized selector sent to instance 0x7a288fa0
[12197:3847:1002/171500:FATAL:chrome_browser_application_mac.mm(113)] Someone is trying to raise an exception!  NSInvalidArgumentException reason -[NSObject tryToTerminateApplication:]: unrecognized selector sent to instance 0x7a288fa0
2013-10-02 17:15:04.564 chromium[12439:f07] Unknown class 'AppDelegate', using 'NSObject' instead. Encountered in Interface Builder file at path /Users/Ingwie/Work/appjs-deskshell/bin/mac/Deskshell.app/Contents/Versions/29.0.1547.76/Chromium Framework.framework/Resources/MainMenu.nib.
2013-10-02 17:15:40.669 chromium[12439:f07] -[NSObject tryToTerminateApplication:]: unrecognized selector sent to instance 0x7b567920
[12439:3847:1002/171540:FATAL:chrome_browser_application_mac.mm(113)] Someone is trying to raise an exception!  NSInvalidArgumentException reason -[NSObject tryToTerminateApplication:]: unrecognized selector sent to instance 0x7b567920
2013-10-02 17:24:09.716 chromium[12941:f07] Unknown class 'AppDelegate', using 'NSObject' instead. Encountered in Interface Builder file at path /Users/Ingwie/Work/appjs-deskshell/bin/mac/Deskshell.app/Contents/Versions/29.0.1547.76/Chromium Framework.framework/Resources/MainMenu.nib.
2013-10-02 17:24:29.650 chromium[12941:f07] -[NSObject tryToTerminateApplication:]: unrecognized selector sent to instance 0x79a20c80
[12941:3847:1002/172429:FATAL:chrome_browser_application_mac.mm(113)] Someone is trying to raise an exception!  NSInvalidArgumentException reason -[NSObject tryToTerminateApplication:]: unrecognized selector sent to instance 0x79a20c80
